<?xml version="1.0" encoding="UTF-8"?>
<testng-results ignored="0" total="1" passed="1" failed="0" skipped="0">
  <reporter-output>
    <line>
      <![CDATA[<br><img src='screenshots/TestScreenshot_1735760693979.png' height='400' width='800'/><br>]]>
    </line>
  </reporter-output>
  <suite started-at="2025-01-01T21:44:46 EET" name="Default Suite" finished-at="2025-01-01T21:44:53 EET" duration-ms="7548">
    <groups>
    </groups>
    <test started-at="2025-01-01T21:44:46 EET" name="Assessment" finished-at="2025-01-01T21:44:53 EET" duration-ms="7548">
      <class name="TestSuite.fileUpload">
        <test-method is-config="true" signature="beforeTest()[pri:0, instance:TestSuite.fileUpload@1a677343]" started-at="2025-01-01T21:44:46 EET" name="beforeTest" finished-at="2025-01-01T21:44:47 EET" duration-ms="1278" status="PASS">
          <reporter-output>
          </reporter-output>
        </test-method> <!-- beforeTest -->
        <test-method signature="verifyUpload()[pri:0, instance:TestSuite.fileUpload@1a677343]" started-at="2025-01-01T21:44:47 EET" name="verifyUpload" finished-at="2025-01-01T21:44:53 EET" duration-ms="6150" status="PASS">
          <reporter-output>
          </reporter-output>
        </test-method> <!-- verifyUpload -->
        <test-method is-config="true" signature="afterTest()[pri:0, instance:TestSuite.fileUpload@1a677343]" started-at="2025-01-01T21:44:53 EET" name="afterTest" finished-at="2025-01-01T21:44:53 EET" duration-ms="103" status="PASS">
          <reporter-output>
            <line>
              <![CDATA[<br><img src='screenshots/TestScreenshot_1735760693979.png' height='400' width='800'/><br>]]>
            </line>
          </reporter-output>
        </test-method> <!-- afterTest -->
      </class> <!-- TestSuite.fileUpload -->
    </test> <!-- Assessment -->
  </suite> <!-- Default Suite -->
</testng-results>
